
[2024-02-06 00:58:34,506] [INFO] [real_accelerator.py:110:get_accelerator] Setting ds_accelerator to cuda (auto detect)
[2024-02-06 00:58:44,284] [INFO] [real_accelerator.py:110:get_accelerator] Setting ds_accelerator to cuda (auto detect)
[2024-02-06 00:58:44,343] [INFO] [real_accelerator.py:110:get_accelerator] Setting ds_accelerator to cuda (auto detect)
[2024-02-06 00:58:44,410] [INFO] [real_accelerator.py:110:get_accelerator] Setting ds_accelerator to cuda (auto detect)
[2024-02-06 00:58:44,773] [INFO] [real_accelerator.py:110:get_accelerator] Setting ds_accelerator to cuda (auto detect)
[2024-02-06 00:58:44,776] [INFO] [real_accelerator.py:110:get_accelerator] Setting ds_accelerator to cuda (auto detect)
[2024-02-06 00:58:44,918] [INFO] [real_accelerator.py:110:get_accelerator] Setting ds_accelerator to cuda (auto detect)
[2024-02-06 00:58:45,150] [INFO] [real_accelerator.py:110:get_accelerator] Setting ds_accelerator to cuda (auto detect)
[2024-02-06 00:58:45,304] [INFO] [real_accelerator.py:110:get_accelerator] Setting ds_accelerator to cuda (auto detect)
390276
Free CPU Memory: 705.04 GB
LOADING MODEL
48785
NOW WILL START TRAINING
training epoch 0
Step number:  0
Step number:  500
Step number:  1000
Step number:  1500
Step number:  2000
Step number:  2500
Step number:  3000
Step number:  3500
Step number:  4000
Step number:  4500
Step number:  5000
Step number:  5500
Step number:  6000
Step number:  6500
Step number:  7000
Step number:  7500
Step number:  8000
Step number:  8500
Step number:  9000
Step number:  9500
Step number:  10000
Step number:  10500
Step number:  11000
Step number:  11500
Step number:  12000
Step number:  12500
Step number:  13000
Step number:  13500
Step number:  14000
Step number:  14500
Step number:  15000
Step number:  15500
Step number:  16000
Step number:  16500
Step number:  17000
Step number:  17500
Step number:  18000
Step number:  18500
Step number:  19000
Step number:  19500
Step number:  20000
Step number:  20500
Step number:  21000
Step number:  21500
Step number:  22000
Step number:  22500
Step number:  23000
Step number:  23500
Step number:  24000
Step number:  24500
Step number:  25000
Step number:  25500
Step number:  26000
Step number:  26500
Step number:  27000
Step number:  27500
Step number:  28000
Step number:  28500
Step number:  29000
Step number:  29500
Step number:  30000
Step number:  30500
Step number:  31000
Step number:  31500
Step number:  32000
Step number:  32500
Step number:  33000
Step number:  33500
Step number:  34000
Step number:  34500
Step number:  35000
Step number:  35500
Step number:  36000
Step number:  36500
Step number:  37000
Step number:  37500
Step number:  38000
Step number:  38500
Step number:  39000
Step number:  39500
Step number:  40000
Step number:  40500
Step number:  41000
Step number:  41500
Step number:  42000
Step number:  42500
Step number:  43000
Step number:  43500
Step number:  44000
Step number:  44500
Step number:  45000
Step number:  45500
Step number:  46000
Step number:  46500
Step number:  47000
Step number:  47500
Step number:  48000
Step number:  48500
GPU memory occupied: 29378 MB.
evaluation epoch 0
Train loss: 0.45412556629856454
Val loss: 0.05101191864558799
Acc:  0.7070712141718671



training epoch 1
Step number:  0
Step number:  500
Step number:  1000
Step number:  1500
Step number:  2000
Step number:  2500
Step number:  3000
Step number:  3500
Step number:  4000
Step number:  4500
Step number:  5000
Step number:  5500
Step number:  6000
Step number:  6500
Step number:  7000
Step number:  7500
Step number:  8000
Step number:  8500
Step number:  9000
Step number:  9500
Step number:  10000
Step number:  10500
Step number:  11000
Step number:  11500
Step number:  12000
Step number:  12500
Step number:  13000
Step number:  13500
Step number:  14000
Step number:  14500
Step number:  15000
Step number:  15500
Step number:  16000
Step number:  16500
Step number:  17000
Step number:  17500
Step number:  18000
Step number:  18500
Step number:  19000
Step number:  19500
Step number:  20000
Step number:  20500
Step number:  21000
Step number:  21500
Step number:  22000
Step number:  22500
Step number:  23000
Step number:  23500
Step number:  24000
Step number:  24500
Step number:  25000
Step number:  25500
Step number:  26000
Step number:  26500
Step number:  27000
Step number:  27500
Step number:  28000
Step number:  28500
Step number:  29000
Step number:  29500
Step number:  30000
Step number:  30500
Step number:  31000
Step number:  31500
Step number:  32000
Step number:  32500
Step number:  33000
Step number:  33500
Step number:  34000
Step number:  34500
Step number:  35000
Step number:  35500
Step number:  36000
Step number:  36500
Step number:  37000
Step number:  37500
Step number:  38000
Step number:  38500
Step number:  39000
Step number:  39500
Step number:  40000
Step number:  40500
Step number:  41000
Step number:  41500
Step number:  42000
Step number:  42500
Step number:  43000
Step number:  43500
Step number:  44000
Step number:  44500
Step number:  45000
Step number:  45500
Step number:  46000
Step number:  46500
Step number:  47000
Step number:  47500
Step number:  48000
Step number:  48500
GPU memory occupied: 29378 MB.
evaluation epoch 1
Train loss: 0.04272626887038233
Val loss: 0.03536150496868557
Acc:  0.7941696882392778



training epoch 2
Step number:  0
Step number:  500
Step number:  1000
Step number:  1500
Step number:  2000
Step number:  2500
Step number:  3000
Step number:  3500
Step number:  4000
Step number:  4500
Step number:  5000
Step number:  5500
Step number:  6000
Step number:  6500
Step number:  7000
Step number:  7500
Step number:  8000
Step number:  8500
Step number:  9000
Step number:  9500
Step number:  10000
Step number:  10500
Step number:  11000
Step number:  11500
Step number:  12000
Step number:  12500
Step number:  13000
Step number:  13500
Step number:  14000
Step number:  14500
Step number:  15000
Step number:  15500
Step number:  16000
Step number:  16500
Step number:  17000
Step number:  17500
Step number:  18000
Step number:  18500
Step number:  19000
Step number:  19500
Step number:  20000
Step number:  20500
Step number:  21000
Step number:  21500
Step number:  22000
Step number:  22500
Step number:  23000
Step number:  23500
Step number:  24000
Step number:  24500
Step number:  25000
Step number:  25500
Step number:  26000
Step number:  26500
Step number:  27000
Step number:  27500
Step number:  28000
Step number:  28500
Step number:  29000
Step number:  29500
Step number:  30000
Step number:  30500
Step number:  31000
Step number:  31500
Step number:  32000
Step number:  32500
Step number:  33000
Step number:  33500
Step number:  34000
Step number:  34500
Step number:  35000
Step number:  35500
Step number:  36000
Step number:  36500
Step number:  37000
Step number:  37500
Step number:  38000
Step number:  38500
Step number:  39000
Step number:  39500
Step number:  40000
Step number:  40500
Step number:  41000
Step number:  41500
Step number:  42000
Step number:  42500
Step number:  43000
Step number:  43500
Step number:  44000
Step number:  44500
Step number:  45000
Step number:  45500
Step number:  46000
Step number:  46500
Step number:  47000
Step number:  47500
Step number:  48000
Step number:  48500
GPU memory occupied: 29378 MB.
evaluation epoch 2
Train loss: 0.031158834758824923
Val loss: 0.03050043369479828
Acc:  0.825338588598588



training epoch 3
Step number:  0
Step number:  500
Step number:  1000
Step number:  1500
Step number:  2000
Step number:  2500
Step number:  3000
Step number:  3500
Step number:  4000
Step number:  4500
Step number:  5000
Step number:  5500
Step number:  6000
Step number:  6500
Step number:  7000
Step number:  7500
Step number:  8000
Step number:  8500
Step number:  9000
Step number:  9500
Step number:  10000
Step number:  10500
Step number:  11000
Step number:  11500
Step number:  12000
Step number:  12500
Step number:  13000
Step number:  13500
Step number:  14000
Step number:  14500
Step number:  15000
Step number:  15500
Step number:  16000
Step number:  16500
Step number:  17000
Step number:  17500
Step number:  18000
Step number:  18500
Step number:  19000
Step number:  19500
Step number:  20000
Step number:  20500
Step number:  21000
Step number:  21500
Step number:  22000
Step number:  22500
Step number:  23000
Step number:  23500
Step number:  24000
Step number:  24500
Step number:  25000
Step number:  25500
Step number:  26000
Step number:  26500
Step number:  27000
Step number:  27500
Step number:  28000
Step number:  28500
Step number:  29000
Step number:  29500
Step number:  30000
Step number:  30500
Step number:  31000
Step number:  31500
Step number:  32000
Step number:  32500
Step number:  33000
Step number:  33500
Step number:  34000
Step number:  34500
Step number:  35000
Step number:  35500
Step number:  36000
Step number:  36500
Step number:  37000
Step number:  37500
Step number:  38000
Step number:  38500
Step number:  39000
Step number:  39500
Step number:  40000
Step number:  40500
Step number:  41000
Step number:  41500
Step number:  42000
Step number:  42500
Step number:  43000
Step number:  43500
Step number:  44000
Step number:  44500
Step number:  45000
Step number:  45500
Step number:  46000
Step number:  46500
Step number:  47000
Step number:  47500
Step number:  48000
Step number:  48500
GPU memory occupied: 29378 MB.
evaluation epoch 3
Train loss: 0.025772405652371693
Val loss: 0.02782983271773564
Acc:  0.8392410670223909



training epoch 4
Step number:  0
Step number:  500
Step number:  1000
Step number:  1500
Step number:  2000
Step number:  2500
Step number:  3000
Step number:  3500
Step number:  4000
Step number:  4500
Step number:  5000
Step number:  5500
Step number:  6000
Step number:  6500
Step number:  7000
Step number:  7500
Step number:  8000
Step number:  8500
Step number:  9000
Step number:  9500
Step number:  10000
Step number:  10500
Step number:  11000
Step number:  11500
Step number:  12000
Step number:  12500
Step number:  13000
Step number:  13500
Step number:  14000
Step number:  14500
Step number:  15000
Step number:  15500
Step number:  16000
Step number:  16500
Step number:  17000
Step number:  17500
Step number:  18000
Step number:  18500
Step number:  19000
Step number:  19500
Step number:  20000
Step number:  20500
Step number:  21000
Step number:  21500
Step number:  22000
Step number:  22500
Step number:  23000
Step number:  23500
Step number:  24000
Step number:  24500
Step number:  25000
Step number:  25500
Step number:  26000
Step number:  26500
Step number:  27000
Step number:  27500
Step number:  28000
Step number:  28500
Step number:  29000
Step number:  29500
Step number:  30000
Step number:  30500
Step number:  31000
Step number:  31500
Step number:  32000
Step number:  32500
Step number:  33000
Step number:  33500
Step number:  34000
Step number:  34500
Step number:  35000
Step number:  35500
Step number:  36000
Step number:  36500
Step number:  37000
Step number:  37500
Step number:  38000
Step number:  38500
Step number:  39000
Step number:  39500
Step number:  40000
Step number:  40500
Step number:  41000
Step number:  41500
Step number:  42000
Step number:  42500
Step number:  43000
Step number:  43500
Step number:  44000
Step number:  44500
Step number:  45000
Step number:  45500
Step number:  46000
Step number:  46500
Step number:  47000
Step number:  47500
Step number:  48000
Step number:  48500
GPU memory occupied: 29378 MB.
evaluation epoch 4
Train loss: 0.022167479190102462
Val loss: 0.026344423429755737
Acc:  0.8497556957369444



Saved pre_trained model here: BERT_context_pretrained_InterPro_final
Saved pre_trained model here: BERT_context_pretrained_InterPro_final
Saved pre_trained model here: BERT_context_pretrained_InterPro_final
Saved pre_trained model here: BERT_context_pretrained_InterPro_final
Saved pre_trained model here: BERT_context_pretrained_InterPro_final
Saved pre_trained model here: BERT_context_pretrained_InterPro_final
Saved pre_trained model here: BERT_context_pretrained_InterPro_final
Saved pre_trained model here: BERT_context_pretrained_InterPro_final
